<?xml version="1.0" encoding="UTF-8"?>
<!-- Generated by org.testng.reporters.JUnitReportReporter -->
<testsuite hostname="NIDHI" failures="0" tests="3" name="test.day4" time="0.004" errors="0" timestamp="2024-08-03T03:22:02 IST" skipped="0">
  <testcase classname="test.day4" name="loginapicarloan" time="0.001"/>
  <testcase classname="test.day4" name="mobilelogincarloan" time="0.001"/>
  <testcase classname="test.day4" name="weblogincarloan" time="0.002"/>
</testsuite> <!-- test.day4 -->
