<?xml version="1.0" encoding="UTF-8"?>
<!-- Generated by org.testng.reporters.JUnitReportReporter -->
<testsuite hostname="NIDHI" failures="0" tests="1" name="JavaStream" time="0.013" errors="0" timestamp="2024-07-28T22:32:40 IST" skipped="0">
  <testcase classname="JavaStream" name="regular" time="0.013"/>
</testsuite> <!-- JavaStream -->
