<?xml version="1.0" encoding="UTF-8"?>
<!-- Generated by org.testng.reporters.JUnitReportReporter -->
<testsuite hostname="NIDHI" failures="0" tests="4" name="test.day2" time="0.008" errors="0" timestamp="2024-08-03T03:22:02 IST" skipped="0">
  <testcase classname="test.day2" name="ploan" time="0.002"/>
  <testcase classname="test.day2" name="mobilesignincarloan" time="0.001"/>
  <testcase classname="test.day2" name="mobilesignincarloan" time="0.003"/>
  <testcase classname="test.day2" name="mobilesignincarloan" time="0.002"/>
</testsuite> <!-- test.day2 -->
